# JRE version: OpenJDK Runtime Environment Temurin-21.0.8+9 (21.0.8+9) (build 21.0.8+9-LTS)
# Java VM: OpenJDK 64-Bit Server VM Temurin-21.0.8+9 (21.0.8+9-LTS, mixed mode, sharing, tiered, compressed oops, compressed class ptrs, parallel gc, windows-amd64)
GC Precious Log:
 CardTable entry size: 512
 CPUs: 4 total, 4 available
 Memory: 12165M
 Large Page Support: Disabled
 NUMA Support: Disabled
 Compressed Oops: Enabled (32-bit)
 Alignments: Space 512K, Generation 512K, Heap 2M
 Heap Min Capacity: 100M
 Heap Initial Capacity: 100M
 Heap Max Capacity: 2G
 Pre-touch: Disabled
 Parallel Workers: 4
Heap:
 PSYoungGen      total 35328K, used 29424K [0x00000000d5580000, 0x00000000d7b80000, 0x0000000100000000)
  eden space 34816K, 83% used [0x00000000d5580000,0x00000000d71e4080,0x00000000d7780000)
  from space 512K, 68% used [0x00000000d7a80000,0x00000000d7ad8000,0x00000000d7b00000)
  to   space 512K, 0% used [0x00000000d7b00000,0x00000000d7b00000,0x00000000d7b80000)
 ParOldGen       total 1226752K, used 125146K [0x0000000080000000, 0x00000000cae00000, 0x00000000d5580000)
  object space 1226752K, 10% used [0x0000000080000000,0x0000000087a36b18,0x00000000cae00000)
 Metaspace       used 86670K, committed 88192K, reserved 1179648K
  class space    used 8520K, committed 9216K, reserved 1048576K
GC Heap History (20 events):
Event: 137504.650 GC heap before
{Heap before GC invocations=2674 (full 5):
 PSYoungGen      total 22528K, used 21490K [0x00000000d5580000, 0x00000000d7080000, 0x0000000100000000)
  eden space 22016K, 96% used [0x00000000d5580000,0x00000000d6a44bd8,0x00000000d6b00000)
  from space 512K, 43% used [0x00000000d7000000,0x00000000d7038000,0x00000000d7080000)
  to   space 1024K, 0% used [0x00000000d6e80000,0x00000000d6e80000,0x00000000d6f80000)
 ParOldGen       total 1226752K, used 544874K [0x0000000080000000, 0x00000000cae00000, 0x00000000d5580000)
  object space 1226752K, 44% used [0x0000000080000000,0x00000000a141abd8,0x00000000cae00000)
 Metaspace       used 86563K, committed 88128K, reserved 1179648K
  class space    used 8517K, committed 9216K, reserved 1048576K
}
Event: 137504.735 GC heap after
{Heap after GC invocations=2674 (full 5):
 PSYoungGen      total 23040K, used 224K [0x00000000d5580000, 0x00000000d7080000, 0x0000000100000000)
  eden space 22016K, 0% used [0x00000000d5580000,0x00000000d5580000,0x00000000d6b00000)
  from space 1024K, 21% used [0x00000000d6e80000,0x00000000d6eb8000,0x00000000d6f80000)
  to   space 512K, 0% used [0x00000000d7000000,0x00000000d7000000,0x00000000d7080000)
 ParOldGen       total 1226752K, used 545033K [0x0000000080000000, 0x00000000cae00000, 0x00000000d5580000)
  object space 1226752K, 44% used [0x0000000080000000,0x00000000a14425e8,0x00000000cae00000)
 Metaspace       used 86563K, committed 88128K, reserved 1179648K
  class space    used 8517K, committed 9216K, reserved 1048576K
}
Event: 137504.858 GC heap before
{Heap before GC invocations=2675 (full 5):
 PSYoungGen      total 23040K, used 20837K [0x00000000d5580000, 0x00000000d7080000, 0x0000000100000000)
  eden space 22016K, 93% used [0x00000000d5580000,0x00000000d69a17d8,0x00000000d6b00000)
  from space 1024K, 21% used [0x00000000d6e80000,0x00000000d6eb8000,0x00000000d6f80000)
  to   space 512K, 0% used [0x00000000d7000000,0x00000000d7000000,0x00000000d7080000)
 ParOldGen       total 1226752K, used 545033K [0x0000000080000000, 0x00000000cae00000, 0x00000000d5580000)
  object space 1226752K, 44% used [0x0000000080000000,0x00000000a14425e8,0x00000000cae00000)
 Metaspace       used 86569K, committed 88128K, reserved 1179648K
  class space    used 8517K, committed 9216K, reserved 1048576K
}
Event: 137505.132 GC heap after
{Heap after GC invocations=2675 (full 5):
 PSYoungGen      total 26112K, used 502K [0x00000000d5580000, 0x00000000d7280000, 0x0000000100000000)
  eden space 25600K, 0% used [0x00000000d5580000,0x00000000d5580000,0x00000000d6e80000)
  from space 512K, 98% used [0x00000000d7000000,0x00000000d707db88,0x00000000d7080000)
  to   space 1536K, 0% used [0x00000000d6e80000,0x00000000d6e80000,0x00000000d7000000)
 ParOldGen       total 1226752K, used 545595K [0x0000000080000000, 0x00000000cae00000, 0x00000000d5580000)
  object space 1226752K, 44% used [0x0000000080000000,0x00000000a14ceec0,0x00000000cae00000)
 Metaspace       used 86569K, committed 88128K, reserved 1179648K
  class space    used 8517K, committed 9216K, reserved 1048576K
}
Event: 137505.276 GC heap before
{Heap before GC invocations=2676 (full 5):
 PSYoungGen      total 26112K, used 25896K [0x00000000d5580000, 0x00000000d7280000, 0x0000000100000000)
  eden space 25600K, 99% used [0x00000000d5580000,0x00000000d6e4c6f8,0x00000000d6e80000)
  from space 512K, 98% used [0x00000000d7000000,0x00000000d707db88,0x00000000d7080000)
  to   space 1536K, 0% used [0x00000000d6e80000,0x00000000d6e80000,0x00000000d7000000)
 ParOldGen       total 1226752K, used 545595K [0x0000000080000000, 0x00000000cae00000, 0x00000000d5580000)
  object space 1226752K, 44% used [0x0000000080000000,0x00000000a14ceec0,0x00000000cae00000)
 Metaspace       used 86581K, committed 88128K, reserved 1179648K
  class space    used 8517K, committed 9216K, reserved 1048576K
}
Event: 137505.525 GC heap after
{Heap after GC invocations=2676 (full 5):
 PSYoungGen      total 27136K, used 1521K [0x00000000d5580000, 0x00000000d7980000, 0x0000000100000000)
  eden space 25600K, 0% used [0x00000000d5580000,0x00000000d5580000,0x00000000d6e80000)
  from space 1536K, 99% used [0x00000000d6e80000,0x00000000d6ffc500,0x00000000d7000000)
  to   space 3072K, 0% used [0x00000000d7680000,0x00000000d7680000,0x00000000d7980000)
 ParOldGen       total 1226752K, used 546463K [0x0000000080000000, 0x00000000cae00000, 0x00000000d5580000)
  object space 1226752K, 44% used [0x0000000080000000,0x00000000a15a7da8,0x00000000cae00000)
 Metaspace       used 86581K, committed 88128K, reserved 1179648K
  class space    used 8517K, committed 9216K, reserved 1048576K
}
Event: 137505.628 GC heap before
{Heap before GC invocations=2677 (full 5):
 PSYoungGen      total 27136K, used 27121K [0x00000000d5580000, 0x00000000d7980000, 0x0000000100000000)
  eden space 25600K, 100% used [0x00000000d5580000,0x00000000d6e80000,0x00000000d6e80000)
  from space 1536K, 99% used [0x00000000d6e80000,0x00000000d6ffc500,0x00000000d7000000)
  to   space 3072K, 0% used [0x00000000d7680000,0x00000000d7680000,0x00000000d7980000)
 ParOldGen       total 1226752K, used 546463K [0x0000000080000000, 0x00000000cae00000, 0x00000000d5580000)
  object space 1226752K, 44% used [0x0000000080000000,0x00000000a15a7da8,0x00000000cae00000)
 Metaspace       used 86582K, committed 88128K, reserved 1179648K
  class space    used 8517K, committed 9216K, reserved 1048576K
}
Event: 137505.634 GC heap after
{Heap after GC invocations=2677 (full 5):
 PSYoungGen      total 32768K, used 2023K [0x00000000d5580000, 0x00000000d7880000, 0x0000000100000000)
  eden space 30720K, 0% used [0x00000000d5580000,0x00000000d5580000,0x00000000d7380000)
  from space 2048K, 98% used [0x00000000d7680000,0x00000000d7879f70,0x00000000d7880000)
  to   space 2560K, 0% used [0x00000000d7380000,0x00000000d7380000,0x00000000d7600000)
 ParOldGen       total 1226752K, used 546519K [0x0000000080000000, 0x00000000cae00000, 0x00000000d5580000)
  object space 1226752K, 44% used [0x0000000080000000,0x00000000a15b5c78,0x00000000cae00000)
 Metaspace       used 86582K, committed 88128K, reserved 1179648K
  class space    used 8517K, committed 9216K, reserved 1048576K
}
Event: 137505.699 GC heap before
{Heap before GC invocations=2678 (full 5):
 PSYoungGen      total 32768K, used 32254K [0x00000000d5580000, 0x00000000d7880000, 0x0000000100000000)
  eden space 30720K, 98% used [0x00000000d5580000,0x00000000d7305c68,0x00000000d7380000)
  from space 2048K, 98% used [0x00000000d7680000,0x00000000d7879f70,0x00000000d7880000)
  to   space 2560K, 0% used [0x00000000d7380000,0x00000000d7380000,0x00000000d7600000)
 ParOldGen       total 1226752K, used 546519K [0x0000000080000000, 0x00000000cae00000, 0x00000000d5580000)
  object space 1226752K, 44% used [0x0000000080000000,0x00000000a15b5c78,0x00000000cae00000)
 Metaspace       used 86582K, committed 88128K, reserved 1179648K
  class space    used 8517K, committed 9216K, reserved 1048576K
}
Event: 137505.911 GC heap after
{Heap after GC invocations=2678 (full 5):
 PSYoungGen      total 33280K, used 690K [0x00000000d5580000, 0x00000000d7c80000, 0x0000000100000000)
  eden space 30720K, 0% used [0x00000000d5580000,0x00000000d5580000,0x00000000d7380000)
  from space 2560K, 26% used [0x00000000d7380000,0x00000000d742c910,0x00000000d7600000)
  to   space 1536K, 0% used [0x00000000d7b00000,0x00000000d7b00000,0x00000000d7c80000)
 ParOldGen       total 1226752K, used 547590K [0x0000000080000000, 0x00000000cae00000, 0x00000000d5580000)
  object space 1226752K, 44% used [0x0000000080000000,0x00000000a16c1be8,0x00000000cae00000)
 Metaspace       used 86582K, committed 88128K, reserved 1179648K
  class space    used 8517K, committed 9216K, reserved 1048576K
}
Event: 137506.077 GC heap before
{Heap before GC invocations=2679 (full 5):
 PSYoungGen      total 33280K, used 31410K [0x00000000d5580000, 0x00000000d7c80000, 0x0000000100000000)
  eden space 30720K, 100% used [0x00000000d5580000,0x00000000d7380000,0x00000000d7380000)
  from space 2560K, 26% used [0x00000000d7380000,0x00000000d742c910,0x00000000d7600000)
  to   space 1536K, 0% used [0x00000000d7b00000,0x00000000d7b00000,0x00000000d7c80000)
 ParOldGen       total 1226752K, used 547590K [0x0000000080000000, 0x00000000cae00000, 0x00000000d5580000)
  object space 1226752K, 44% used [0x0000000080000000,0x00000000a16c1be8,0x00000000cae00000)
 Metaspace       used 86583K, committed 88128K, reserved 1179648K
  class space    used 8517K, committed 9216K, reserved 1048576K
}
Event: 137506.084 GC heap after
{Heap after GC invocations=2679 (full 5):
 PSYoungGen      total 37888K, used 888K [0x00000000d5580000, 0x00000000d7c00000, 0x0000000100000000)
  eden space 36864K, 0% used [0x00000000d5580000,0x00000000d5580000,0x00000000d7980000)
  from space 1024K, 86% used [0x00000000d7b00000,0x00000000d7bde128,0x00000000d7c00000)
  to   space 1024K, 0% used [0x00000000d7a00000,0x00000000d7a00000,0x00000000d7b00000)
 ParOldGen       total 1226752K, used 547609K [0x0000000080000000, 0x00000000cae00000, 0x00000000d5580000)
  object space 1226752K, 44% used [0x0000000080000000,0x00000000a16c64f8,0x00000000cae00000)
 Metaspace       used 86583K, committed 88128K, reserved 1179648K
  class space    used 8517K, committed 9216K, reserved 1048576K
}
Event: 137506.520 GC heap before
{Heap before GC invocations=2680 (full 5):
 PSYoungGen      total 37888K, used 30670K [0x00000000d5580000, 0x00000000d7c00000, 0x0000000100000000)
  eden space 36864K, 80% used [0x00000000d5580000,0x00000000d72957f8,0x00000000d7980000)
  from space 1024K, 86% used [0x00000000d7b00000,0x00000000d7bde128,0x00000000d7c00000)
  to   space 1024K, 0% used [0x00000000d7a00000,0x00000000d7a00000,0x00000000d7b00000)
 ParOldGen       total 1226752K, used 547609K [0x0000000080000000, 0x00000000cae00000, 0x00000000d5580000)
  object space 1226752K, 44% used [0x0000000080000000,0x00000000a16c64f8,0x00000000cae00000)
 Metaspace       used 86609K, committed 88192K, reserved 1179648K
  class space    used 8519K, committed 9216K, reserved 1048576K
}
Event: 137506.545 GC heap after
{Heap after GC invocations=2680 (full 5):
 PSYoungGen      total 37888K, used 132K [0x00000000d5580000, 0x00000000d7b80000, 0x0000000100000000)
  eden space 36864K, 0% used [0x00000000d5580000,0x00000000d5580000,0x00000000d7980000)
  from space 1024K, 12% used [0x00000000d7a00000,0x00000000d7a21210,0x00000000d7b00000)
  to   space 512K, 0% used [0x00000000d7b00000,0x00000000d7b00000,0x00000000d7b80000)
 ParOldGen       total 1226752K, used 547689K [0x0000000080000000, 0x00000000cae00000, 0x00000000d5580000)
  object space 1226752K, 44% used [0x0000000080000000,0x00000000a16da620,0x00000000cae00000)
 Metaspace       used 86609K, committed 88192K, reserved 1179648K
  class space    used 8519K, committed 9216K, reserved 1048576K
}
Event: 137506.545 GC heap before
{Heap before GC invocations=2681 (full 6):
 PSYoungGen      total 37888K, used 132K [0x00000000d5580000, 0x00000000d7b80000, 0x0000000100000000)
  eden space 36864K, 0% used [0x00000000d5580000,0x00000000d5580000,0x00000000d7980000)
  from space 1024K, 12% used [0x00000000d7a00000,0x00000000d7a21210,0x00000000d7b00000)
  to   space 512K, 0% used [0x00000000d7b00000,0x00000000d7b00000,0x00000000d7b80000)
 ParOldGen       total 1226752K, used 547689K [0x0000000080000000, 0x00000000cae00000, 0x00000000d5580000)
  object space 1226752K, 44% used [0x0000000080000000,0x00000000a16da620,0x00000000cae00000)
 Metaspace       used 86609K, committed 88192K, reserved 1179648K
  class space    used 8519K, committed 9216K, reserved 1048576K
}
Event: 137508.106 GC heap after
{Heap after GC invocations=2681 (full 6):
 PSYoungGen      total 37888K, used 0K [0x00000000d5580000, 0x00000000d7b80000, 0x0000000100000000)
  eden space 36864K, 0% used [0x00000000d5580000,0x00000000d5580000,0x00000000d7980000)
  from space 1024K, 0% used [0x00000000d7a00000,0x00000000d7a00000,0x00000000d7b00000)
  to   space 512K, 0% used [0x00000000d7b00000,0x00000000d7b00000,0x00000000d7b80000)
 ParOldGen       total 1226752K, used 125082K [0x0000000080000000, 0x00000000cae00000, 0x00000000d5580000)
  object space 1226752K, 10% used [0x0000000080000000,0x0000000087a26b18,0x00000000cae00000)
 Metaspace       used 86609K, committed 88192K, reserved 1179648K
  class space    used 8519K, committed 9216K, reserved 1048576K
}
Event: 137565.107 GC heap before
{Heap before GC invocations=2682 (full 6):
 PSYoungGen      total 37888K, used 36864K [0x00000000d5580000, 0x00000000d7b80000, 0x0000000100000000)
  eden space 36864K, 100% used [0x00000000d5580000,0x00000000d7980000,0x00000000d7980000)
  from space 1024K, 0% used [0x00000000d7a00000,0x00000000d7a00000,0x00000000d7b00000)
  to   space 512K, 0% used [0x00000000d7b00000,0x00000000d7b00000,0x00000000d7b80000)
 ParOldGen       total 1226752K, used 125082K [0x0000000080000000, 0x00000000cae00000, 0x00000000d5580000)
  object space 1226752K, 10% used [0x0000000080000000,0x0000000087a26b18,0x00000000cae00000)
 Metaspace       used 86621K, committed 88192K, reserved 1179648K
  class space    used 8520K, committed 9216K, reserved 1048576K
}
Event: 137565.111 GC heap after
{Heap after GC invocations=2682 (full 6):
 PSYoungGen      total 36352K, used 256K [0x00000000d5580000, 0x00000000d7b80000, 0x0000000100000000)
  eden space 35840K, 0% used [0x00000000d5580000,0x00000000d5580000,0x00000000d7880000)
  from space 512K, 50% used [0x00000000d7b00000,0x00000000d7b40000,0x00000000d7b80000)
  to   space 512K, 0% used [0x00000000d7a80000,0x00000000d7a80000,0x00000000d7b00000)
 ParOldGen       total 1226752K, used 125082K [0x0000000080000000, 0x00000000cae00000, 0x00000000d5580000)
  object space 1226752K, 10% used [0x0000000080000000,0x0000000087a26b18,0x00000000cae00000)
 Metaspace       used 86621K, committed 88192K, reserved 1179648K
  class space    used 8520K, committed 9216K, reserved 1048576K
}
Event: 137582.261 GC heap before
{Heap before GC invocations=2683 (full 6):
 PSYoungGen      total 36352K, used 36096K [0x00000000d5580000, 0x00000000d7b80000, 0x0000000100000000)
  eden space 35840K, 100% used [0x00000000d5580000,0x00000000d7880000,0x00000000d7880000)
  from space 512K, 50% used [0x00000000d7b00000,0x00000000d7b40000,0x00000000d7b80000)
  to   space 512K, 0% used [0x00000000d7a80000,0x00000000d7a80000,0x00000000d7b00000)
 ParOldGen       total 1226752K, used 125082K [0x0000000080000000, 0x00000000cae00000, 0x00000000d5580000)
  object space 1226752K, 10% used [0x0000000080000000,0x0000000087a26b18,0x00000000cae00000)
 Metaspace       used 86636K, committed 88192K, reserved 1179648K
  class space    used 8520K, committed 9216K, reserved 1048576K
}
Event: 137582.263 GC heap after
{Heap after GC invocations=2683 (full 6):
 PSYoungGen      total 35328K, used 352K [0x00000000d5580000, 0x00000000d7b80000, 0x0000000100000000)
  eden space 34816K, 0% used [0x00000000d5580000,0x00000000d5580000,0x00000000d7780000)
  from space 512K, 68% used [0x00000000d7a80000,0x00000000d7ad8000,0x00000000d7b00000)
  to   space 512K, 0% used [0x00000000d7b00000,0x00000000d7b00000,0x00000000d7b80000)
 ParOldGen       total 1226752K, used 125146K [0x0000000080000000, 0x00000000cae00000, 0x00000000d5580000)
  object space 1226752K, 10% used [0x0000000080000000,0x0000000087a36b18,0x00000000cae00000)
 Metaspace       used 86636K, committed 88192K, reserved 1179648K
  class space    used 8520K, committed 9216K, reserved 1048576K
}

